<?xml version="1.0" encoding="UTF-8"?>
<testng-results skipped="0" failed="0" ignored="0" total="1" passed="1">
  <reporter-output>
  </reporter-output>
  <suite name="webdriver" duration-ms="96139" started-at="2019-04-24T19:08:19Z" finished-at="2019-04-24T19:09:56Z">
    <groups>
    </groups>
    <test name="test" duration-ms="96139" started-at="2019-04-24T19:08:19Z" finished-at="2019-04-24T19:09:56Z">
      <class name="TestNG.verifyaddbook">
        <test-method status="PASS" signature="launch()[pri:0, instance:TestNG.verifyaddbook@3bfdc050]" name="launch" is-config="true" duration-ms="68304" started-at="2019-04-24T19:08:20Z" finished-at="2019-04-24T19:09:28Z">
          <reporter-output>
          </reporter-output>
        </test-method> <!-- launch -->
        <test-method status="PASS" signature="addbook()[pri:0, instance:TestNG.verifyaddbook@3bfdc050]" name="addbook" duration-ms="27567" started-at="2019-04-24T19:09:28Z" finished-at="2019-04-24T19:09:55Z">
          <reporter-output>
          </reporter-output>
        </test-method> <!-- addbook -->
        <test-method status="PASS" signature="close()[pri:0, instance:TestNG.verifyaddbook@3bfdc050]" name="close" is-config="true" duration-ms="1" started-at="2019-04-24T19:09:55Z" finished-at="2019-04-24T19:09:55Z">
          <reporter-output>
          </reporter-output>
        </test-method> <!-- close -->
      </class> <!-- TestNG.verifyaddbook -->
    </test> <!-- test -->
  </suite> <!-- webdriver -->
</testng-results>
